<?xml version="1.0" encoding="UTF-8" ?>
<testsuite tests="3" failures="0" name="betworks.RadixSortWithCountingSortTest" time="0.244" errors="0" skipped="0">
  <properties>
[...]
</properties>
  <testcase classname="betworks.RadixSortWithCountingSortTest" name="radixSort_successful" time="0.004"/>
  <testcase classname="betworks.RadixSortWithCountingSortTest" name="radixSort_testfor1M_successful" time="0.24"/>
  <testcase classname="betworks.RadixSortWithCountingSortTest" name="rebuildArraywithPrefixSum_successful" time="0"/>
</testsuite>